This is pdfTeX, Version 3.141592653-2.6-1.40.22 (TeX Live 2021) (preloaded format=pdflatex 2021.11.13)  20 NOV 2021 11:33
entering extended mode
 restricted \write18 enabled.
 %&-line parsing enabled.
**classprojectII.tex
(./classprojectII.tex
LaTeX2e <2020-10-01> patch level 4
L3 programming layer <2021-02-18>
(/usr/local/texlive/2021/texmf-dist/tex/latex/base/article.cls
Document Class: article 2020/04/10 v1.4m Standard LaTeX document class
(/usr/local/texlive/2021/texmf-dist/tex/latex/base/size10.clo
File: size10.clo 2020/04/10 v1.4m Standard LaTeX file (size option)
)
\c@part=\count179
\c@section=\count180
\c@subsection=\count181
\c@subsubsection=\count182
\c@paragraph=\count183
\c@subparagraph=\count184
\c@figure=\count185
\c@table=\count186
\abovecaptionskip=\skip47
\belowcaptionskip=\skip48
\bibindent=\dimen138
)
(/usr/local/texlive/2021/texmf-dist/tex/latex/graphics/graphicx.sty
Package: graphicx 2020/09/09 v1.2b Enhanced LaTeX Graphics (DPC,SPQR)

(/usr/local/texlive/2021/texmf-dist/tex/latex/graphics/keyval.sty
Package: keyval 2014/10/28 v1.15 key=value parser (DPC)
\KV@toks@=\toks15
)
(/usr/local/texlive/2021/texmf-dist/tex/latex/graphics/graphics.sty
Package: graphics 2020/08/30 v1.4c Standard LaTeX Graphics (DPC,SPQR)

(/usr/local/texlive/2021/texmf-dist/tex/latex/graphics/trig.sty
Package: trig 2016/01/03 v1.10 sin cos tan (DPC)
)
(/usr/local/texlive/2021/texmf-dist/tex/latex/graphics-cfg/graphics.cfg
File: graphics.cfg 2016/06/04 v1.11 sample graphics configuration
)
Package graphics Info: Driver file: pdftex.def on input line 105.

(/usr/local/texlive/2021/texmf-dist/tex/latex/graphics-def/pdftex.def
File: pdftex.def 2020/10/05 v1.2a Graphics/color driver for pdftex
))
\Gin@req@height=\dimen139
\Gin@req@width=\dimen140
)
(/usr/local/texlive/2021/texmf-dist/tex/latex/siunitx/siunitx.sty
(/usr/local/texlive/2021/texmf-dist/tex/latex/l3kernel/expl3.sty
Package: expl3 2021-02-18 L3 programming layer (loader) 

(/usr/local/texlive/2021/texmf-dist/tex/latex/l3backend/l3backend-pdftex.def
File: l3backend-pdftex.def 2021-03-18 L3 backend support: PDF output (pdfTeX)
\l__color_backend_stack_int=\count187
\l__pdf_internal_box=\box47
))
(/usr/local/texlive/2021/texmf-dist/tex/latex/l3packages/xparse/xparse.sty
(/usr/local/texlive/2021/texmf-dist/tex/latex/l3packages/xparse/xparse-2020-10-
01.sty
(/usr/local/texlive/2021/texmf-dist/tex/latex/l3packages/xparse/xparse-generic.
tex)))
Package: siunitx 2020/02/25 v2.8b A comprehensive (SI) units package
 (/usr/local/texlive/2021/texmf-dist/tex/latex/amsmath/amstext.sty
Package: amstext 2000/06/29 v2.01 AMS text

(/usr/local/texlive/2021/texmf-dist/tex/latex/amsmath/amsgen.sty
File: amsgen.sty 1999/11/30 v2.0 generic functions
\@emptytoks=\toks16
\ex@=\dimen141
))
(/usr/local/texlive/2021/texmf-dist/tex/latex/tools/array.sty
Package: array 2020/10/01 v2.5c Tabular extension package (FMi)
\col@sep=\dimen142
\ar@mcellbox=\box48
\extrarowheight=\dimen143
\NC@list=\toks17
\extratabsurround=\skip49
\backup@length=\skip50
\ar@cellbox=\box49
)
(/usr/local/texlive/2021/texmf-dist/tex/latex/l3packages/l3keys2e/l3keys2e.sty
Package: l3keys2e 2021-03-12 LaTeX2e option processing using LaTeX3 keys
)
\l__siunitx_tmp_box=\box50
\l__siunitx_tmp_dim=\dimen144
\l__siunitx_tmp_int=\count188
\l__siunitx_number_mantissa_length_int=\count189
\l__siunitx_number_uncert_length_int=\count190
\l__siunitx_round_int=\count191
\l__siunitx_process_decimal_int=\count192
\l__siunitx_process_uncertainty_int=\count193
\l__siunitx_process_fixed_int=\count194
\l__siunitx_process_integer_min_int=\count195
\l__siunitx_process_precision_int=\count196
\l__siunitx_group_min_int=\count197
\l__siunitx_angle_marker_box=\box51
\l__siunitx_angle_unit_box=\box52
\l__siunitx_angle_marker_dim=\dimen145
\l__siunitx_angle_unit_dim=\dimen146
\l__siunitx_unit_int=\count198
\l__siunitx_unit_denominator_int=\count199
\l__siunitx_unit_numerator_int=\count266
\l__siunitx_unit_prefix_int=\count267
\l__siunitx_unit_prefix_base_int=\count268
\l__siunitx_unit_prefix_gram_int=\count269
\l__siunitx_number_product_int=\count270
\c__siunitx_one_fill_skip=\skip51
\l__siunitx_table_unit_align_skip=\skip52
\l__siunitx_table_exponent_dim=\dimen147
\l__siunitx_table_integer_dim=\dimen148
\l__siunitx_table_mantissa_dim=\dimen149
\l__siunitx_table_marker_dim=\dimen150
\l__siunitx_table_result_dim=\dimen151
\l__siunitx_table_uncert_dim=\dimen152
\l__siunitx_table_fill_pre_dim=\dimen153
\l__siunitx_table_fill_post_dim=\dimen154
\l__siunitx_table_fill_mid_dim=\dimen155
\l__siunitx_table_pre_box=\box53
\l__siunitx_table_post_box=\box54
\l__siunitx_table_mantissa_box=\box55
\l__siunitx_table_result_box=\box56
\l__siunitx_table_number_align_skip=\skip53
\l__siunitx_table_text_align_skip=\skip54
(/usr/local/texlive/2021/texmf-dist/tex/latex/translator/translator.sty
Package: translator 2020-08-03 v1.12c Easy translation of strings in LaTeX
))
(/usr/local/texlive/2021/texmf-dist/tex/latex/hyperref/hyperref.sty
Package: hyperref 2021-02-27 v7.00k Hypertext links for LaTeX

(/usr/local/texlive/2021/texmf-dist/tex/generic/ltxcmds/ltxcmds.sty
Package: ltxcmds 2020-05-10 v1.25 LaTeX kernel commands for general use (HO)
)
(/usr/local/texlive/2021/texmf-dist/tex/generic/iftex/iftex.sty
Package: iftex 2020/03/06 v1.0d TeX engine tests
)
(/usr/local/texlive/2021/texmf-dist/tex/generic/pdftexcmds/pdftexcmds.sty
Package: pdftexcmds 2020-06-27 v0.33 Utility functions of pdfTeX for LuaTeX (HO
)

(/usr/local/texlive/2021/texmf-dist/tex/generic/infwarerr/infwarerr.sty
Package: infwarerr 2019/12/03 v1.5 Providing info/warning/error messages (HO)
)
Package pdftexcmds Info: \pdf@primitive is available.
Package pdftexcmds Info: \pdf@ifprimitive is available.
Package pdftexcmds Info: \pdfdraftmode found.
)
(/usr/local/texlive/2021/texmf-dist/tex/generic/kvsetkeys/kvsetkeys.sty
Package: kvsetkeys 2019/12/15 v1.18 Key value parser (HO)
)
(/usr/local/texlive/2021/texmf-dist/tex/generic/kvdefinekeys/kvdefinekeys.sty
Package: kvdefinekeys 2019-12-19 v1.6 Define keys (HO)
)
(/usr/local/texlive/2021/texmf-dist/tex/generic/pdfescape/pdfescape.sty
Package: pdfescape 2019/12/09 v1.15 Implements pdfTeX's escape features (HO)
)
(/usr/local/texlive/2021/texmf-dist/tex/latex/hycolor/hycolor.sty
Package: hycolor 2020-01-27 v1.10 Color options for hyperref/bookmark (HO)
)
(/usr/local/texlive/2021/texmf-dist/tex/latex/letltxmacro/letltxmacro.sty
Package: letltxmacro 2019/12/03 v1.6 Let assignment for LaTeX macros (HO)
)
(/usr/local/texlive/2021/texmf-dist/tex/latex/auxhook/auxhook.sty
Package: auxhook 2019-12-17 v1.6 Hooks for auxiliary files (HO)
)
(/usr/local/texlive/2021/texmf-dist/tex/latex/kvoptions/kvoptions.sty
Package: kvoptions 2020-10-07 v3.14 Key value format for package options (HO)
)
\@linkdim=\dimen156
\Hy@linkcounter=\count271
\Hy@pagecounter=\count272

(/usr/local/texlive/2021/texmf-dist/tex/latex/hyperref/pd1enc.def
File: pd1enc.def 2021-02-27 v7.00k Hyperref: PDFDocEncoding definition (HO)
Now handling font encoding PD1 ...
... no UTF-8 mapping file for font encoding PD1
)
(/usr/local/texlive/2021/texmf-dist/tex/latex/hyperref/hyperref-langpatches.def
File: hyperref-langpatches.def 2021-02-27 v7.00k Hyperref: patches for babel la
nguages
) (/usr/local/texlive/2021/texmf-dist/tex/generic/intcalc/intcalc.sty
Package: intcalc 2019/12/15 v1.3 Expandable calculations with integers (HO)
)
(/usr/local/texlive/2021/texmf-dist/tex/generic/etexcmds/etexcmds.sty
Package: etexcmds 2019/12/15 v1.7 Avoid name clashes with e-TeX commands (HO)
)
\Hy@SavedSpaceFactor=\count273

(/usr/local/texlive/2021/texmf-dist/tex/latex/hyperref/puenc.def
File: puenc.def 2021-02-27 v7.00k Hyperref: PDF Unicode definition (HO)
Now handling font encoding PU ...
... no UTF-8 mapping file for font encoding PU
)
Package hyperref Info: Hyper figures OFF on input line 4192.
Package hyperref Info: Link nesting OFF on input line 4197.
Package hyperref Info: Hyper index ON on input line 4200.
Package hyperref Info: Plain pages OFF on input line 4207.
Package hyperref Info: Backreferencing OFF on input line 4212.
Package hyperref Info: Implicit mode ON; LaTeX internals redefined.
Package hyperref Info: Bookmarks ON on input line 4445.
\c@Hy@tempcnt=\count274

(/usr/local/texlive/2021/texmf-dist/tex/latex/url/url.sty
\Urlmuskip=\muskip16
Package: url 2013/09/16  ver 3.4  Verb mode for urls, etc.
)
LaTeX Info: Redefining \url on input line 4804.
\XeTeXLinkMargin=\dimen157

(/usr/local/texlive/2021/texmf-dist/tex/generic/bitset/bitset.sty
Package: bitset 2019/12/09 v1.3 Handle bit-vector datatype (HO)

(/usr/local/texlive/2021/texmf-dist/tex/generic/bigintcalc/bigintcalc.sty
Package: bigintcalc 2019/12/15 v1.5 Expandable calculations on big integers (HO
)
))
\Fld@menulength=\count275
\Field@Width=\dimen158
\Fld@charsize=\dimen159
Package hyperref Info: Hyper figures OFF on input line 6075.
Package hyperref Info: Link nesting OFF on input line 6080.
Package hyperref Info: Hyper index ON on input line 6083.
Package hyperref Info: backreferencing OFF on input line 6090.
Package hyperref Info: Link coloring OFF on input line 6095.
Package hyperref Info: Link coloring with OCG OFF on input line 6100.
Package hyperref Info: PDF/A mode OFF on input line 6105.
LaTeX Info: Redefining \ref on input line 6145.
LaTeX Info: Redefining \pageref on input line 6149.

(/usr/local/texlive/2021/texmf-dist/tex/latex/base/atbegshi-ltx.sty
Package: atbegshi-ltx 2020/08/17 v1.0a Emulation of the original atbegshi packa
ge
with kernel methods
)
\Hy@abspage=\count276
\c@Item=\count277
\c@Hfootnote=\count278
)
Package hyperref Info: Driver (autodetected): hpdftex.

(/usr/local/texlive/2021/texmf-dist/tex/latex/hyperref/hpdftex.def
File: hpdftex.def 2021-02-27 v7.00k Hyperref driver for pdfTeX

(/usr/local/texlive/2021/texmf-dist/tex/latex/base/atveryend-ltx.sty
Package: atveryend-ltx 2020/08/19 v1.0a Emulation of the original atvery packag
e
with kernel methods
)
\Fld@listcount=\count279
\c@bookmark@seq@number=\count280

(/usr/local/texlive/2021/texmf-dist/tex/latex/rerunfilecheck/rerunfilecheck.sty
Package: rerunfilecheck 2019/12/05 v1.9 Rerun checks for auxiliary files (HO)

(/usr/local/texlive/2021/texmf-dist/tex/generic/uniquecounter/uniquecounter.sty
Package: uniquecounter 2019/12/15 v1.4 Provide unlimited unique counter (HO)
)
Package uniquecounter Info: New unique counter `rerunfilecheck' on input line 2
86.
)
\Hy@SectionHShift=\skip55
) (/usr/local/texlive/2021/texmf-dist/tex/latex/xcolor/xcolor.sty
Package: xcolor 2016/05/11 v2.12 LaTeX color extensions (UK)

(/usr/local/texlive/2021/texmf-dist/tex/latex/graphics-cfg/color.cfg
File: color.cfg 2016/01/02 v1.6 sample color configuration
)
Package xcolor Info: Driver file: pdftex.def on input line 225.
Package xcolor Info: Model `cmy' substituted by `cmy0' on input line 1348.
Package xcolor Info: Model `hsb' substituted by `rgb' on input line 1352.
Package xcolor Info: Model `RGB' extended on input line 1364.
Package xcolor Info: Model `HTML' substituted by `rgb' on input line 1366.
Package xcolor Info: Model `Hsb' substituted by `hsb' on input line 1367.
Package xcolor Info: Model `tHsb' substituted by `hsb' on input line 1368.
Package xcolor Info: Model `HSB' substituted by `hsb' on input line 1369.
Package xcolor Info: Model `Gray' substituted by `gray' on input line 1370.
Package xcolor Info: Model `wave' substituted by `hsb' on input line 1371.
)
(./classprojectII.aux)
\openout1 = `classprojectII.aux'.

LaTeX Font Info:    Checking defaults for OML/cmm/m/it on input line 8.
LaTeX Font Info:    ... okay on input line 8.
LaTeX Font Info:    Checking defaults for OMS/cmsy/m/n on input line 8.
LaTeX Font Info:    ... okay on input line 8.
LaTeX Font Info:    Checking defaults for OT1/cmr/m/n on input line 8.
LaTeX Font Info:    ... okay on input line 8.
LaTeX Font Info:    Checking defaults for T1/cmr/m/n on input line 8.
LaTeX Font Info:    ... okay on input line 8.
LaTeX Font Info:    Checking defaults for TS1/cmr/m/n on input line 8.
LaTeX Font Info:    ... okay on input line 8.
LaTeX Font Info:    Checking defaults for OMX/cmex/m/n on input line 8.
LaTeX Font Info:    ... okay on input line 8.
LaTeX Font Info:    Checking defaults for U/cmr/m/n on input line 8.
LaTeX Font Info:    ... okay on input line 8.
LaTeX Font Info:    Checking defaults for PD1/pdf/m/n on input line 8.
LaTeX Font Info:    ... okay on input line 8.
LaTeX Font Info:    Checking defaults for PU/pdf/m/n on input line 8.
LaTeX Font Info:    ... okay on input line 8.

(/usr/local/texlive/2021/texmf-dist/tex/context/base/mkii/supp-pdf.mkii
[Loading MPS to PDF converter (version 2006.09.02).]
\scratchcounter=\count281
\scratchdimen=\dimen160
\scratchbox=\box57
\nofMPsegments=\count282
\nofMParguments=\count283
\everyMPshowfont=\toks18
\MPscratchCnt=\count284
\MPscratchDim=\dimen161
\MPnumerator=\count285
\makeMPintoPDFobject=\count286
\everyMPtoPDFconversion=\toks19
) (/usr/local/texlive/2021/texmf-dist/tex/latex/epstopdf-pkg/epstopdf-base.sty
Package: epstopdf-base 2020-01-24 v2.11 Base part for package epstopdf
Package epstopdf-base Info: Redefining graphics rule for `.eps' on input line 4
85.

(/usr/local/texlive/2021/texmf-dist/tex/latex/latexconfig/epstopdf-sys.cfg
File: epstopdf-sys.cfg 2010/07/13 v1.3 Configuration of (r)epstopdf for TeX Liv
e
))
(/usr/local/texlive/2021/texmf-dist/tex/latex/siunitx/siunitx-abbreviations.cfg
File: siunitx-abbreviations.cfg 2017/11/26 v2.7k siunitx: Abbreviated units
)
(/usr/local/texlive/2021/texmf-dist/tex/latex/translator/translator-basic-dicti
onary-English.dict
Dictionary: translator-basic-dictionary, Language: English 
)
Package hyperref Info: Link coloring OFF on input line 8.

(/usr/local/texlive/2021/texmf-dist/tex/latex/hyperref/nameref.sty
Package: nameref 2021-04-02 v2.47 Cross-referencing by name of section

(/usr/local/texlive/2021/texmf-dist/tex/latex/refcount/refcount.sty
Package: refcount 2019/12/15 v3.6 Data extraction from label references (HO)
)
(/usr/local/texlive/2021/texmf-dist/tex/generic/gettitlestring/gettitlestring.s
ty
Package: gettitlestring 2019/12/15 v1.6 Cleanup title references (HO)
)
\c@section@level=\count287
)
LaTeX Info: Redefining \ref on input line 8.
LaTeX Info: Redefining \pageref on input line 8.
LaTeX Info: Redefining \nameref on input line 8.
 (./classprojectII.out) (./classprojectII.out)
\@outlinefile=\write3
\openout3 = `classprojectII.out'.

LaTeX Font Info:    External font `cmex10' loaded for size
(Font)              <7> on input line 8.
LaTeX Font Info:    External font `cmex10' loaded for size
(Font)              <5> on input line 8.
LaTeX Font Info:    External font `cmex10' loaded for size
(Font)              <12> on input line 14.
LaTeX Font Info:    External font `cmex10' loaded for size
(Font)              <8> on input line 14.
LaTeX Font Info:    External font `cmex10' loaded for size
(Font)              <6> on input line 14.
 [1

{/usr/local/texlive/2021/texmf-var/fonts/map/pdftex/updmap/pdftex.map}] (./clas
sprojectII.toc)
\tf@toc=\write4
\openout4 = `classprojectII.toc'.

 [2]
<unknown.png, id=89, 301.125pt x 168.63pt>
File: unknown.png Graphic file (type png)
<use unknown.png>
Package pdftex.def Info: unknown.png  used on input line 25.
(pdftex.def)             Requested size: 301.12425pt x 168.62958pt.

[3 <./unknown.png>]
<unknown.jpeg, id=95, 256.96pt x 197.73875pt>
File: unknown.jpeg Graphic file (type jpg)
<use unknown.jpeg>
Package pdftex.def Info: unknown.jpeg  used on input line 28.
(pdftex.def)             Requested size: 256.95937pt x 197.73827pt.
 [4 <./unknown.jpeg>]
<Unknown-1.jpeg, id=100, 199.74625pt x 254.9525pt>
File: Unknown-1.jpeg Graphic file (type jpg)
<use Unknown-1.jpeg>
Package pdftex.def Info: Unknown-1.jpeg  used on input line 37.
(pdftex.def)             Requested size: 68.99895pt x 88.06763pt.
<Unknown-2.jpeg, id=101, 225.84375pt x 225.84375pt>
File: Unknown-2.jpeg Graphic file (type jpg)
<use Unknown-2.jpeg>
Package pdftex.def Info: Unknown-2.jpeg  used on input line 37.
(pdftex.def)             Requested size: 68.99895pt x 69.00113pt.
<Unknown-3.jpeg, id=102, 225.84375pt x 225.84375pt>
File: Unknown-3.jpeg Graphic file (type jpg)
<use Unknown-3.jpeg>
Package pdftex.def Info: Unknown-3.jpeg  used on input line 37.
(pdftex.def)             Requested size: 68.99895pt x 69.00113pt.
 [5 <./Unknown-1.jpeg> <./Unknown-2.jpeg> <./Unknown-3.jpeg>] [6] [7] [8]
<images.png, id=120, 356.33125pt x 142.5325pt>
File: images.png Graphic file (type png)
<use images.png>
Package pdftex.def Info: images.png  used on input line 52.
(pdftex.def)             Requested size: 103.50105pt x 41.3986pt.
 [9 <./images.png>]
<Picture 1.png, id=126, 192.72pt x 70.2625pt>
File: Picture 1.png Graphic file (type png)
<use Picture 1.png>
Package pdftex.def Info: Picture 1.png  used on input line 60.
(pdftex.def)             Requested size: 172.5pt x 62.89043pt.
<Unknown-4.png, id=128, 260.975pt x 149.55875pt>
File: Unknown-4.png Graphic file (type png)
<use Unknown-4.png>
Package pdftex.def Info: Unknown-4.png  used on input line 65.
(pdftex.def)             Requested size: 172.5pt x 98.8574pt.
 [10 <./Picture 1.png> <./Unknown-4.png>]
<Picture 1-0.png, id=135, 501.875pt x 322.20375pt>
File: Picture 1-0.png Graphic file (type png)
<use Picture 1-0.png>
Package pdftex.def Info: Picture 1-0.png  used on input line 68.
(pdftex.def)             Requested size: 68.99895pt x 44.297pt.
<Picture 1-1.png, id=136, 501.875pt x 322.20375pt>
File: Picture 1-1.png Graphic file (type png)
<use Picture 1-1.png>
Package pdftex.def Info: Picture 1-1.png  used on input line 68.
(pdftex.def)             Requested size: 68.99895pt x 44.297pt.
<Picture 1-2.png, id=137, 501.875pt x 322.20375pt>
File: Picture 1-2.png Graphic file (type png)
<use Picture 1-2.png>
Package pdftex.def Info: Picture 1-2.png  used on input line 69.
(pdftex.def)             Requested size: 68.99895pt x 44.297pt.
<Picture 1-3.png, id=138, 501.875pt x 322.20375pt>
File: Picture 1-3.png Graphic file (type png)
<use Picture 1-3.png>
Package pdftex.def Info: Picture 1-3.png  used on input line 69.
(pdftex.def)             Requested size: 68.99895pt x 44.297pt.
 [11 <./Picture 1-0.png> <./Picture 1-1.png> <./Picture 1-2.png> <./Picture 1-3
.png>]
<Picture 2.png, id=147, 220.825pt x 73.27374pt>
File: Picture 2.png Graphic file (type png)
<use Picture 2.png>
Package pdftex.def Info: Picture 2.png  used on input line 76.
(pdftex.def)             Requested size: 220.82445pt x 73.27354pt.
<images-1.png, id=148, 215.80624pt x 235.88126pt>
File: images-1.png Graphic file (type png)
<use images-1.png>
Package pdftex.def Info: images-1.png  used on input line 79.
(pdftex.def)             Requested size: 215.80571pt x 235.88068pt.
 [12 <./Picture 2.png> <./images-1.png>]
<Picture 2-0.png, id=155, 501.875pt x 322.20375pt>
File: Picture 2-0.png Graphic file (type png)
<use Picture 2-0.png>
Package pdftex.def Info: Picture 2-0.png  used on input line 81.
(pdftex.def)             Requested size: 103.50105pt x 66.4455pt.
<Picture 2-1.png, id=156, 501.875pt x 322.20375pt>
File: Picture 2-1.png Graphic file (type png)
<use Picture 2-1.png>
Package pdftex.def Info: Picture 2-1.png  used on input line 81.
(pdftex.def)             Requested size: 103.50105pt x 66.4455pt.
<Picture 2-2.png, id=157, 501.875pt x 322.20375pt>
File: Picture 2-2.png Graphic file (type png)
<use Picture 2-2.png>
Package pdftex.def Info: Picture 2-2.png  used on input line 82.
(pdftex.def)             Requested size: 103.50105pt x 66.4455pt.
<Picture 2-3.png, id=158, 501.875pt x 322.20375pt>
File: Picture 2-3.png Graphic file (type png)
<use Picture 2-3.png>
Package pdftex.def Info: Picture 2-3.png  used on input line 82.
(pdftex.def)             Requested size: 103.50105pt x 66.4455pt.
 [13 <./Picture 2-0.png> <./Picture 2-1.png> <./Picture 2-2.png> <./Picture 2-3
.png>]
LaTeX Font Info:    External font `cmex10' loaded for size
(Font)              <14.4> on input line 87.
<Picture 3.png, id=168, 190.7125pt x 55.20625pt>
File: Picture 3.png Graphic file (type png)
<use Picture 3.png>
Package pdftex.def Info: Picture 3.png  used on input line 88.
(pdftex.def)             Requested size: 190.71202pt x 55.2061pt.
<Unknown-3.png, id=169, 245.91875pt x 206.7725pt>
File: Unknown-3.png Graphic file (type png)
<use Unknown-3.png>
Package pdftex.def Info: Unknown-3.png  used on input line 91.
(pdftex.def)             Requested size: 172.5pt x 145.04579pt.
 [14 <./Picture 3.png> <./Unknown-3.png>]
<Picture 4.png, id=177, 613.29124pt x 381.425pt>
File: Picture 4.png Graphic file (type png)
<use Picture 4.png>
Package pdftex.def Info: Picture 4.png  used on input line 94.
(pdftex.def)             Requested size: 103.50105pt x 64.36996pt.
<Picture 4-1.png, id=178, 476.78125pt x 322.20375pt>
File: Picture 4-1.png Graphic file (type png)
<use Picture 4-1.png>
Package pdftex.def Info: Picture 4-1.png  used on input line 94.
(pdftex.def)             Requested size: 103.50105pt x 69.94109pt.
 [15 <./Picture 4.png> <./Picture 4-1.png>]
<Picture 5.png, id=185, 222.8325pt x 52.195pt>
File: Picture 5.png Graphic file (type png)
<use Picture 5.png>
Package pdftex.def Info: Picture 5.png  used on input line 100.
(pdftex.def)             Requested size: 103.50105pt x 24.24333pt.
<Picture 5.1.png, id=186, 66.138pt x 36.135pt>
File: Picture 5.1.png Graphic file (type png)
<use Picture 5.1.png>
Package pdftex.def Info: Picture 5.1.png  used on input line 100.
(pdftex.def)             Requested size: 34.5021pt x 18.85039pt.
<Picture 5.2.png, id=187, 153.57375pt x 67.25125pt>
File: Picture 5.2.png Graphic file (type png)
<use Picture 5.2.png>
Package pdftex.def Info: Picture 5.2.png  used on input line 100.
(pdftex.def)             Requested size: 103.50105pt x 45.32387pt.
File: Unknown-4.png Graphic file (type png)
<use Unknown-4.png>
Package pdftex.def Info: Unknown-4.png  used on input line 101.
(pdftex.def)             Requested size: 103.50105pt x 59.31352pt.

[16 <./Picture 5.png> <./Picture 5.1.png> <./Picture 5.2.png>]
<Picture 6.png, id=196, 669.50125pt x 384.43625pt>
File: Picture 6.png Graphic file (type png)
<use Picture 6.png>
Package pdftex.def Info: Picture 6.png  used on input line 103.
(pdftex.def)             Requested size: 345.0pt x 198.10713pt.
 [17 <./Picture 6.png>]
<Picture 7.png, id=202, 244.915pt x 57.21375pt>
File: Picture 7.png Graphic file (type png)
<use Picture 7.png>
Package pdftex.def Info: Picture 7.png  used on input line 111.
(pdftex.def)             Requested size: 103.50105pt x 24.17801pt.
File: Picture 5.1.png Graphic file (type png)
<use Picture 5.1.png>
Package pdftex.def Info: Picture 5.1.png  used on input line 111.
(pdftex.def)             Requested size: 34.5021pt x 18.85039pt.
<Picture 7-1.png, id=203, 180.675pt x 51.19125pt>
File: Picture 7-1.png Graphic file (type png)
<use Picture 7-1.png>
Package pdftex.def Info: Picture 7-1.png  used on input line 111.
(pdftex.def)             Requested size: 103.50105pt x 29.32538pt.
<Unknown-5.png, id=204, 261.97874pt x 166.6225pt>
File: Unknown-5.png Graphic file (type png)
<use Unknown-5.png>
Package pdftex.def Info: Unknown-5.png  used on input line 112.
(pdftex.def)             Requested size: 172.5pt x 109.71439pt.
 [18 <./Picture 7.png> <./Picture 7-1.png> <./Unknown-5.png>]
<Picture.png, id=212, 596.2275pt x 391.4625pt>
File: Picture.png Graphic file (type png)
<use Picture.png>
Package pdftex.def Info: Picture.png  used on input line 114.
(pdftex.def)             Requested size: 345.0pt x 226.51678pt.
 [19 <./Picture.png>]
<8.png, id=219, 249.93375pt x 103.38625pt>
File: 8.png Graphic file (type png)
<use 8.png>
Package pdftex.def Info: 8.png  used on input line 120.
(pdftex.def)             Requested size: 137.9979pt x 57.08504pt.
File: Picture 5.1.png Graphic file (type png)
<use Picture 5.1.png>
Package pdftex.def Info: Picture 5.1.png  used on input line 120.
(pdftex.def)             Requested size: 34.5021pt x 18.85039pt.
<9.png, id=220, 208.78pt x 72.27pt>
File: 9.png Graphic file (type png)
<use 9.png>
Package pdftex.def Info: 9.png  used on input line 120.
(pdftex.def)             Requested size: 137.9979pt x 47.7711pt.
<Unknown-6.png, id=221, 270.00874pt x 152.57pt>
File: Unknown-6.png Graphic file (type png)
<use Unknown-6.png>
Package pdftex.def Info: Unknown-6.png  used on input line 121.
(pdftex.def)             Requested size: 172.5pt x 97.47452pt.
 [20 <./8.png> <./9.png> <./Unknown-6.png>]
<10.png, id=230, 308.15125pt x 65.24374pt>
File: 10.png Graphic file (type png)
<use 10.png>
Package pdftex.def Info: 10.png  used on input line 127.
(pdftex.def)             Requested size: 103.50105pt x 21.91377pt.
File: Picture 5.1.png Graphic file (type png)
<use Picture 5.1.png>
Package pdftex.def Info: Picture 5.1.png  used on input line 127.
(pdftex.def)             Requested size: 34.5021pt x 18.85039pt.
<11.1.png, id=231, 217.81375pt x 58.2175pt>
File: 11.1.png Graphic file (type png)
<use 11.1.png>
Package pdftex.def Info: 11.1.png  used on input line 127.
(pdftex.def)             Requested size: 103.50105pt x 27.66336pt.
<Unknown-7.png, id=232, 272.01625pt x 152.57pt>
File: Unknown-7.png Graphic file (type png)
<use Unknown-7.png>
Package pdftex.def Info: Unknown-7.png  used on input line 128.
(pdftex.def)             Requested size: 276.00105pt x 154.81384pt.
 [21 <./10.png> <./11.1.png> <./Unknown-7.png>]
<11.png, id=240, 421.575pt x 409.53pt>
File: 11.png Graphic file (type png)
<use 11.png>
Package pdftex.def Info: 11.png  used on input line 131.
(pdftex.def)             Requested size: 345.0pt x 335.14813pt.
 [22 <./11.png>] [23] [24]
<12.png, id=259, 245.41687pt x 162.6075pt>
File: 12.png Graphic file (type png)
<use 12.png>
Package pdftex.def Info: 12.png  used on input line 154.
(pdftex.def)             Requested size: 34.5021pt x 22.85918pt.
 [25 <./12.png>]
(./classprojectII.bbl) [26]
<thanks.png, id=271, 692.5875pt x 481.8pt>
File: thanks.png Graphic file (type png)
<use thanks.png>
Package pdftex.def Info: thanks.png  used on input line 161.
(pdftex.def)             Requested size: 345.0pt x 240.0025pt.
 [27 <./thanks.png>] (./classprojectII.aux)
Package rerunfilecheck Info: File `classprojectII.out' has not changed.
(rerunfilecheck)             Checksum: 19452D975EAD1031E410721D98F847B4;1579.
 ) 
Here is how much of TeX's memory you used:
 11004 strings out of 478994
 195682 string characters out of 5858183
 475605 words of memory out of 5000000
 28282 multiletter control sequences out of 15000+600000
 411597 words of font info for 57 fonts, out of 8000000 for 9000
 1141 hyphenation exceptions out of 8191
 71i,12n,75p,333b,724s stack positions out of 5000i,500n,10000p,200000b,80000s
</usr/local/texlive/2021/texmf-dist/fonts/type1/public/amsfonts/cm/cmbx10.pfb
></usr/local/texlive/2021/texmf-dist/fonts/type1/public/amsfonts/cm/cmbx12.pfb>
</usr/local/texlive/2021/texmf-dist/fonts/type1/public/amsfonts/cm/cmmi12.pfb><
/usr/local/texlive/2021/texmf-dist/fonts/type1/public/amsfonts/cm/cmr10.pfb></u
sr/local/texlive/2021/texmf-dist/fonts/type1/public/amsfonts/cm/cmr12.pfb></usr
/local/texlive/2021/texmf-dist/fonts/type1/public/amsfonts/cm/cmr17.pfb></usr/l
ocal/texlive/2021/texmf-dist/fonts/type1/public/amsfonts/cm/cmsy10.pfb>
Output written on classprojectII.pdf (27 pages, 1115047 bytes).
PDF statistics:
 315 PDF objects out of 1000 (max. 8388607)
 202 compressed objects within 3 object streams
 46 named destinations out of 1000 (max. 500000)
 308 words of extra memory for PDF output out of 10000 (max. 10000000)

